<?xml version="1.0" encoding="UTF-8"?>
<!-- Generated by org.testng.reporters.JUnitXMLReporter -->
<testsuite ignored="4" hostname="KIHYDL2243" failures="0" tests="0" time="0.009" errors="0" timestamp="2022-03-27T14:22:04 IST">
  <testcase classname="com.get.GET_Test" name="f" time="0.0">
    <ignored/>
  </testcase> <!-- f -->
  <testcase classname="com.get.GET_Test" name="f3" time="0.0">
    <ignored/>
  </testcase> <!-- f3 -->
  <testcase classname="com.get.GET_Test" name="f2" time="0.0">
    <ignored/>
  </testcase> <!-- f2 -->
  <testcase classname="com.get.GET_Test" name="f4" time="0.0">
    <ignored/>
  </testcase> <!-- f4 -->
</testsuite>
