<?xml version="1.0" encoding="UTF-8"?>
<testng-results ignored="0" total="2" passed="2" failed="0" skipped="0">
  <reporter-output>
  </reporter-output>
  <suite started-at="2022-03-27T22:05:41 IST" name="Default suite" finished-at="2022-03-27T22:05:57 IST" duration-ms="16059">
    <groups>
    </groups>
    <test started-at="2022-03-27T22:05:41 IST" name="Default test" finished-at="2022-03-27T22:05:57 IST" duration-ms="16059">
      <class name="com.get.Rest_GET_specificuser">
        <test-method signature="f()[pri:0, instance:com.get.Rest_GET_specificuser@3e2e18f2]" started-at="2022-03-27T22:05:41 IST" name="f" finished-at="2022-03-27T22:05:45 IST" duration-ms="3509" status="PASS">
          <reporter-output>
          </reporter-output>
        </test-method> <!-- f -->
        <test-method signature="f6()[pri:0, instance:com.get.Rest_GET_specificuser@3e2e18f2]" started-at="2022-03-27T22:05:45 IST" name="f6" finished-at="2022-03-27T22:05:57 IST" duration-ms="12471" status="PASS">
          <reporter-output>
          </reporter-output>
        </test-method> <!-- f6 -->
      </class> <!-- com.get.Rest_GET_specificuser -->
    </test> <!-- Default test -->
  </suite> <!-- Default suite -->
</testng-results>
