<?xml version="1.0" encoding="UTF-8"?>
<testng-results ignored="0" total="1" passed="1" failed="0" skipped="0">
  <reporter-output>
  </reporter-output>
  <suite started-at="2022-03-29T22:47:37 IST" name="Default suite" finished-at="2022-03-29T22:47:53 IST" duration-ms="16280">
    <groups>
    </groups>
    <test started-at="2022-03-29T22:47:37 IST" name="Default test" finished-at="2022-03-29T22:47:53 IST" duration-ms="16280">
      <class name="com.pogoutility.CreateBooking">
        <test-method signature="createBookingWithPogo()[pri:0, instance:com.pogoutility.CreateBooking@cd3fee8]" started-at="2022-03-29T22:47:37 IST" name="createBookingWithPogo" finished-at="2022-03-29T22:47:53 IST" duration-ms="16202" status="PASS">
          <reporter-output>
          </reporter-output>
        </test-method> <!-- createBookingWithPogo -->
      </class> <!-- com.pogoutility.CreateBooking -->
    </test> <!-- Default test -->
  </suite> <!-- Default suite -->
</testng-results>
